jan 30, 2020 5:44:11 PM org.apache.tomcat.util.digester.SetPropertiesRule begin
WARNING: [SetPropertiesRule]{Server/Service/Engine/Host/Context} Setting property 'source' to 'org.eclipse.jst.jee.server:oglasi' did not find a matching property.
jan 30, 2020 5:44:11 PM org.apache.catalina.startup.VersionLoggerListener log
INFO: Server version:        Apache Tomcat/7.0.85
jan 30, 2020 5:44:11 PM org.apache.catalina.startup.VersionLoggerListener log
INFO: Server built:          Feb 7 2018 18:52:33 UTC
jan 30, 2020 5:44:11 PM org.apache.catalina.startup.VersionLoggerListener log
INFO: Server number:         7.0.85.0
jan 30, 2020 5:44:11 PM org.apache.catalina.startup.VersionLoggerListener log
INFO: OS Name:               Windows 10
jan 30, 2020 5:44:11 PM org.apache.catalina.startup.VersionLoggerListener log
INFO: OS Version:            10.0
jan 30, 2020 5:44:11 PM org.apache.catalina.startup.VersionLoggerListener log
INFO: Architecture:          amd64
jan 30, 2020 5:44:11 PM org.apache.catalina.startup.VersionLoggerListener log
INFO: Java Home:             C:\Program Files\Java\jdk1.8.0_191\jre
jan 30, 2020 5:44:11 PM org.apache.catalina.startup.VersionLoggerListener log
INFO: JVM Version:           1.8.0_191-b12
jan 30, 2020 5:44:11 PM org.apache.catalina.startup.VersionLoggerListener log
INFO: JVM Vendor:            Oracle Corporation
jan 30, 2020 5:44:12 PM org.apache.catalina.startup.VersionLoggerListener log
INFO: CATALINA_BASE:         C:/Users/Duka/Desktop/OglasiProj/apache-tomcat-7.0.85
jan 30, 2020 5:44:12 PM org.apache.catalina.startup.VersionLoggerListener log
INFO: CATALINA_HOME:         C:/Users/Duka/Desktop/OglasiProj/apache-tomcat-7.0.85
jan 30, 2020 5:44:12 PM org.apache.catalina.startup.VersionLoggerListener log
INFO: Command line argument: -Djava.util.logging.config.file=C:/Users/Duka/Desktop/OglasiProj/apache-tomcat-7.0.85/conf/logging.properties
jan 30, 2020 5:44:12 PM org.apache.catalina.startup.VersionLoggerListener log
INFO: Command line argument: -Djava.util.logging.manager=org.apache.juli.ClassLoaderLogManager
jan 30, 2020 5:44:12 PM org.apache.catalina.startup.VersionLoggerListener log
INFO: Command line argument: -Djdk.tls.ephemeralDHKeySize=2048
jan 30, 2020 5:44:12 PM org.apache.catalina.startup.VersionLoggerListener log
INFO: Command line argument: -Dignore.endorsed.dirs=
jan 30, 2020 5:44:12 PM org.apache.catalina.startup.VersionLoggerListener log
INFO: Command line argument: -Dcatalina.base=C:/Users/Duka/Desktop/OglasiProj/apache-tomcat-7.0.85
jan 30, 2020 5:44:12 PM org.apache.catalina.startup.VersionLoggerListener log
INFO: Command line argument: -Dcatalina.home=C:/Users/Duka/Desktop/OglasiProj/apache-tomcat-7.0.85
jan 30, 2020 5:44:12 PM org.apache.catalina.startup.VersionLoggerListener log
INFO: Command line argument: -Djava.io.tmpdir=C:/Users/Duka/Desktop/OglasiProj/apache-tomcat-7.0.85/temp
jan 30, 2020 5:44:12 PM org.apache.catalina.core.AprLifecycleListener lifecycleEvent
INFO: The APR based Apache Tomcat Native library which allows optimal performance in production environments was not found on the java.library.path: C:\Program Files\Java\jdk1.8.0_191\bin;C:\WINDOWS\Sun\Java\bin;C:\WINDOWS\system32;C:\WINDOWS;C:\Users\Duka\bin;C:\Program Files\Git\mingw64\bin;C:\Program Files\Git\usr\local\bin;C:\Program Files\Git\usr\bin;C:\Program Files\Git\usr\bin;C:\Program Files\Git\mingw64\bin;C:\Program Files\Git\usr\bin;C:\Users\Duka\bin;C:\Program Files (x86)\Common Files\Oracle\Java\javapath;C:\oraclexe\app\oracle\product\11.2.0\server\bin;C:\WINDOWS\system32;C:\WINDOWS;C:\WINDOWS\System32\Wbem;C:\WINDOWS\System32\WindowsPowerShell\v1.0;C:\Program Files\Microsoft SQL Server\130\Tools\Binn;C:\WINDOWS\System32\OpenSSH;C:\Program Files (x86)\QuickTime\QTSystem;C:\Program Files\dotnet;C:\Program Files\nodejs;C:\Program Files\apache-maven-3.6.2\bin;C:\Program Files\PostgreSQL\10\bin;C:\Program Files\PostgreSQL\10\lib;C:\Program Files\MySQL\MySQL Server 8.0\bin\bin;C:\Program Files\Git\cmd;C:\Program Files\MySQL\MySQL Shell 8.0\bin;C:\Users\Duka\AppData\Local\Microsoft\WindowsApps;C:\Users\Duka\AppData\Roaming\npm;%M2%;C:\Users\Duka\AppData\Local\Programs\Microsoft VS Code\bin;C:\Program Files\Git\usr\bin\vendor_perl;C:\Program Files\Git\usr\bin\core_perl;.
jan 30, 2020 5:44:12 PM org.apache.coyote.AbstractProtocol init
INFO: Initializing ProtocolHandler ["http-bio-8080"]
jan 30, 2020 5:44:12 PM org.apache.coyote.AbstractProtocol init
INFO: Initializing ProtocolHandler ["ajp-bio-8009"]
jan 30, 2020 5:44:12 PM org.apache.catalina.startup.Catalina load
INFO: Initialization processed in 1232 ms
jan 30, 2020 5:44:12 PM org.apache.catalina.core.StandardService startInternal
INFO: Starting service Catalina
jan 30, 2020 5:44:12 PM org.apache.catalina.core.StandardEngine startInternal
INFO: Starting Servlet Engine: Apache Tomcat/7.0.85
jan 30, 2020 5:44:14 PM org.apache.catalina.startup.TldConfig execute
INFO: At least one JAR was scanned for TLDs yet contained no TLDs. Enable debug logging for this logger for a complete list of JARs that were scanned but no TLDs were found in them. Skipping unneeded JARs during scanning can improve startup time and JSP compilation time.
jan 30, 2020 5:44:14 PM org.apache.catalina.util.SessionIdGeneratorBase createSecureRandom
WARNING: Creation of SecureRandom instance for session ID generation using [SHA1PRNG] took [382] milliseconds.
jan 30, 2020 5:44:16 PM org.apache.catalina.startup.HostConfig deployDirectory
INFO: Deploying web application directory C:\Users\Duka\Desktop\OglasiProj\apache-tomcat-7.0.85\webapps\docs
jan 30, 2020 5:44:16 PM org.apache.catalina.startup.HostConfig deployDirectory
INFO: Deployment of web application directory C:\Users\Duka\Desktop\OglasiProj\apache-tomcat-7.0.85\webapps\docs has finished in 152 ms
jan 30, 2020 5:44:16 PM org.apache.catalina.startup.HostConfig deployDirectory
INFO: Deploying web application directory C:\Users\Duka\Desktop\OglasiProj\apache-tomcat-7.0.85\webapps\examples
jan 30, 2020 5:44:18 PM org.apache.catalina.startup.HostConfig deployDirectory
INFO: Deployment of web application directory C:\Users\Duka\Desktop\OglasiProj\apache-tomcat-7.0.85\webapps\examples has finished in 1,310 ms
jan 30, 2020 5:44:18 PM org.apache.catalina.startup.HostConfig deployDirectory
INFO: Deploying web application directory C:\Users\Duka\Desktop\OglasiProj\apache-tomcat-7.0.85\webapps\host-manager
jan 30, 2020 5:44:18 PM org.apache.catalina.startup.HostConfig deployDirectory
INFO: Deployment of web application directory C:\Users\Duka\Desktop\OglasiProj\apache-tomcat-7.0.85\webapps\host-manager has finished in 244 ms
jan 30, 2020 5:44:18 PM org.apache.catalina.startup.HostConfig deployDirectory
INFO: Deploying web application directory C:\Users\Duka\Desktop\OglasiProj\apache-tomcat-7.0.85\webapps\manager
jan 30, 2020 5:44:18 PM org.apache.catalina.startup.HostConfig deployDirectory
INFO: Deployment of web application directory C:\Users\Duka\Desktop\OglasiProj\apache-tomcat-7.0.85\webapps\manager has finished in 83 ms
jan 30, 2020 5:44:18 PM org.apache.catalina.startup.HostConfig deployDirectory
INFO: Deploying web application directory C:\Users\Duka\Desktop\OglasiProj\apache-tomcat-7.0.85\webapps\ROOT
jan 30, 2020 5:44:18 PM org.apache.catalina.startup.HostConfig deployDirectory
INFO: Deployment of web application directory C:\Users\Duka\Desktop\OglasiProj\apache-tomcat-7.0.85\webapps\ROOT has finished in 103 ms
jan 30, 2020 5:44:18 PM org.apache.coyote.AbstractProtocol start
INFO: Starting ProtocolHandler ["http-bio-8080"]
jan 30, 2020 5:44:18 PM org.apache.coyote.AbstractProtocol start
INFO: Starting ProtocolHandler ["ajp-bio-8009"]
jan 30, 2020 5:44:18 PM org.apache.catalina.startup.Catalina start
INFO: Server startup in 6194 ms
Oglasi ucitavanje
Kategorije ucitavanje
Useri ucitavanje
Useri ucitavanje
Useri ucitavanje
jan 30, 2020 5:48:19 PM org.apache.catalina.core.StandardServer await
INFO: A valid shutdown command was received via the shutdown port. Stopping the Server instance.
jan 30, 2020 5:48:19 PM org.apache.coyote.AbstractProtocol pause
INFO: Pausing ProtocolHandler ["http-bio-8080"]
jan 30, 2020 5:48:19 PM org.apache.coyote.AbstractProtocol pause
INFO: Pausing ProtocolHandler ["ajp-bio-8009"]
jan 30, 2020 5:48:19 PM org.apache.catalina.core.StandardService stopInternal
INFO: Stopping service Catalina
jan 30, 2020 5:48:19 PM org.apache.coyote.AbstractProtocol stop
INFO: Stopping ProtocolHandler ["http-bio-8080"]
jan 30, 2020 5:48:19 PM org.apache.coyote.AbstractProtocol stop
INFO: Stopping ProtocolHandler ["ajp-bio-8009"]
jan 30, 2020 5:48:19 PM org.apache.coyote.AbstractProtocol destroy
INFO: Destroying ProtocolHandler ["http-bio-8080"]
jan 30, 2020 5:48:19 PM org.apache.coyote.AbstractProtocol destroy
INFO: Destroying ProtocolHandler ["ajp-bio-8009"]
