jan 30, 2020 5:44:17 PM org.apache.catalina.core.ApplicationContext log
INFO: ContextListener: contextInitialized()
jan 30, 2020 5:44:17 PM org.apache.catalina.core.ApplicationContext log
INFO: SessionListener: contextInitialized()
jan 30, 2020 5:44:17 PM org.apache.catalina.core.ApplicationContext log
INFO: ContextListener: attributeAdded('StockTicker', 'async.Stockticker@2bc42c52')
jan 30, 2020 5:44:18 PM org.apache.catalina.core.ApplicationContext log
INFO: ContextListener: attributeAdded('org.apache.jasper.compiler.TldLocationsCache', 'org.apache.jasper.compiler.TldLocationsCache@361c9487')
jan 30, 2020 5:44:35 PM org.apache.catalina.core.ApplicationContext log
INFO: ContextListener: contextInitialized()
jan 30, 2020 5:44:35 PM org.apache.catalina.core.ApplicationContext log
INFO: SessionListener: contextInitialized()
jan 30, 2020 5:44:35 PM org.apache.catalina.core.ApplicationContext log
INFO: ContextListener: attributeAdded('StockTicker', 'async.Stockticker@52c5ed51')
jan 30, 2020 5:44:35 PM org.apache.catalina.core.ApplicationContext log
INFO: ContextListener: attributeAdded('org.apache.jasper.compiler.TldLocationsCache', 'org.apache.jasper.compiler.TldLocationsCache@163ebf97')
jan 30, 2020 5:44:35 PM org.apache.catalina.core.ApplicationContext log
INFO: SessionListener: contextDestroyed()
jan 30, 2020 5:44:35 PM org.apache.catalina.core.ApplicationContext log
INFO: ContextListener: contextDestroyed()
jan 30, 2020 5:48:19 PM org.apache.catalina.core.ApplicationContext log
INFO: SessionListener: contextDestroyed()
jan 30, 2020 5:48:19 PM org.apache.catalina.core.ApplicationContext log
INFO: ContextListener: contextDestroyed()
jan 30, 2020 6:30:49 PM org.apache.catalina.core.ApplicationContext log
INFO: ContextListener: contextInitialized()
jan 30, 2020 6:30:49 PM org.apache.catalina.core.ApplicationContext log
INFO: SessionListener: contextInitialized()
jan 30, 2020 6:30:49 PM org.apache.catalina.core.ApplicationContext log
INFO: ContextListener: attributeAdded('StockTicker', 'async.Stockticker@3e60c84d')
jan 30, 2020 6:30:49 PM org.apache.catalina.core.ApplicationContext log
INFO: ContextListener: attributeAdded('org.apache.jasper.compiler.TldLocationsCache', 'org.apache.jasper.compiler.TldLocationsCache@57d21175')
jan 30, 2020 7:18:41 PM org.apache.catalina.core.ApplicationContext log
INFO: SessionListener: contextDestroyed()
jan 30, 2020 7:18:41 PM org.apache.catalina.core.ApplicationContext log
INFO: ContextListener: contextDestroyed()
